{"date":"2023-03-18T11:55:21.390Z","level":"info","message":"Request received","method":"GET","service":"user-service","url":"/api-docs"}
{"date":"2023-03-18T11:55:21.465Z","level":"info","message":"Request received","method":"GET","service":"user-service","url":"/api-docs/"}
{"date":"2023-03-18T11:55:21.630Z","level":"info","message":"Request received","method":"GET","service":"user-service","url":"/api-docs/swagger-ui.css"}
{"date":"2023-03-18T11:55:21.633Z","level":"info","message":"Request received","method":"GET","service":"user-service","url":"/api-docs/swagger-ui-bundle.js"}
{"date":"2023-03-18T11:55:21.640Z","level":"info","message":"Request received","method":"GET","service":"user-service","url":"/api-docs/swagger-ui-standalone-preset.js"}
{"date":"2023-03-18T11:55:21.644Z","level":"info","message":"Request received","method":"GET","service":"user-service","url":"/api-docs/swagger-ui-init.js"}
{"date":"2023-03-18T11:55:23.331Z","level":"info","message":"Request received","method":"GET","service":"user-service","url":"/api-docs/favicon-32x32.png"}
{"date":"2023-03-18T11:56:28.283Z","level":"info","message":"Request received","method":"GET","service":"user-service","url":"/api-docs/"}
{"date":"2023-03-18T11:56:28.376Z","level":"info","message":"Request received","method":"GET","service":"user-service","url":"/api-docs/swagger-ui.css"}
{"date":"2023-03-18T11:56:28.382Z","level":"info","message":"Request received","method":"GET","service":"user-service","url":"/api-docs/swagger-ui-bundle.js"}
{"date":"2023-03-18T11:56:28.386Z","level":"info","message":"Request received","method":"GET","service":"user-service","url":"/api-docs/swagger-ui-init.js"}
{"date":"2023-03-18T11:56:28.398Z","level":"info","message":"Request received","method":"GET","service":"user-service","url":"/api-docs/swagger-ui-standalone-preset.js"}
{"date":"2023-03-18T11:56:28.964Z","level":"info","message":"Request received","method":"GET","service":"user-service","url":"/api-docs/favicon-32x32.png"}
{"date":"2023-03-18T12:02:10.800Z","level":"info","message":"Request received","method":"GET","service":"user-service","url":"/api-docs/"}
{"date":"2023-03-18T12:02:10.885Z","level":"info","message":"Request received","method":"GET","service":"user-service","url":"/api-docs/swagger-ui.css"}
{"date":"2023-03-18T12:02:10.889Z","level":"info","message":"Request received","method":"GET","service":"user-service","url":"/api-docs/swagger-ui-bundle.js"}
{"date":"2023-03-18T12:02:10.903Z","level":"info","message":"Request received","method":"GET","service":"user-service","url":"/api-docs/swagger-ui-standalone-preset.js"}
{"date":"2023-03-18T12:02:10.906Z","level":"info","message":"Request received","method":"GET","service":"user-service","url":"/api-docs/swagger-ui-init.js"}
{"date":"2023-03-18T12:02:11.324Z","level":"info","message":"Request received","method":"GET","service":"user-service","url":"/api-docs/favicon-32x32.png"}
{"date":"2023-03-18T12:04:34.661Z","level":"info","message":"Request received","method":"GET","service":"user-service","url":"/api-docs/"}
{"date":"2023-03-18T12:04:34.744Z","level":"info","message":"Request received","method":"GET","service":"user-service","url":"/api-docs/swagger-ui.css"}
{"date":"2023-03-18T12:04:34.759Z","level":"info","message":"Request received","method":"GET","service":"user-service","url":"/api-docs/swagger-ui-bundle.js"}
{"date":"2023-03-18T12:04:34.770Z","level":"info","message":"Request received","method":"GET","service":"user-service","url":"/api-docs/swagger-ui-standalone-preset.js"}
{"date":"2023-03-18T12:04:34.773Z","level":"info","message":"Request received","method":"GET","service":"user-service","url":"/api-docs/swagger-ui-init.js"}
{"date":"2023-03-18T12:04:35.172Z","level":"info","message":"Request received","method":"GET","service":"user-service","url":"/api-docs/favicon-32x32.png"}
{"date":"2023-03-18T12:04:48.524Z","level":"info","message":"Request received","method":"GET","service":"user-service","url":"/api-docs/"}
{"date":"2023-03-18T12:04:48.581Z","level":"info","message":"Request received","method":"GET","service":"user-service","url":"/api-docs/swagger-ui.css"}
{"date":"2023-03-18T12:04:48.591Z","level":"info","message":"Request received","method":"GET","service":"user-service","url":"/api-docs/swagger-ui-bundle.js"}
{"date":"2023-03-18T12:04:48.604Z","level":"info","message":"Request received","method":"GET","service":"user-service","url":"/api-docs/swagger-ui-standalone-preset.js"}
{"date":"2023-03-18T12:04:48.609Z","level":"info","message":"Request received","method":"GET","service":"user-service","url":"/api-docs/swagger-ui-init.js"}
{"date":"2023-03-18T12:04:49.064Z","level":"info","message":"Request received","method":"GET","service":"user-service","url":"/api-docs/favicon-32x32.png"}
{"date":"2023-03-18T12:05:49.706Z","level":"info","message":"Request received","method":"GET","service":"user-service","url":"/api-docs/"}
{"date":"2023-03-18T12:05:49.785Z","level":"info","message":"Request received","method":"GET","service":"user-service","url":"/api-docs/swagger-ui.css"}
{"date":"2023-03-18T12:05:49.802Z","level":"info","message":"Request received","method":"GET","service":"user-service","url":"/api-docs/swagger-ui-bundle.js"}
{"date":"2023-03-18T12:05:49.816Z","level":"info","message":"Request received","method":"GET","service":"user-service","url":"/api-docs/swagger-ui-standalone-preset.js"}
{"date":"2023-03-18T12:05:49.825Z","level":"info","message":"Request received","method":"GET","service":"user-service","url":"/api-docs/swagger-ui-init.js"}
{"date":"2023-03-18T12:05:50.213Z","level":"info","message":"Request received","method":"GET","service":"user-service","url":"/api-docs/favicon-32x32.png"}
{"date":"2023-03-18T12:07:05.429Z","level":"info","message":"Request received","method":"GET","service":"user-service","url":"/api-docs/"}
{"date":"2023-03-18T12:07:05.494Z","level":"info","message":"Request received","method":"GET","service":"user-service","url":"/api-docs/swagger-ui.css"}
{"date":"2023-03-18T12:07:05.501Z","level":"info","message":"Request received","method":"GET","service":"user-service","url":"/api-docs/swagger-ui-bundle.js"}
{"date":"2023-03-18T12:07:05.514Z","level":"info","message":"Request received","method":"GET","service":"user-service","url":"/api-docs/swagger-ui-standalone-preset.js"}
{"date":"2023-03-18T12:07:05.520Z","level":"info","message":"Request received","method":"GET","service":"user-service","url":"/api-docs/swagger-ui-init.js"}
{"date":"2023-03-18T12:07:05.974Z","level":"info","message":"Request received","method":"GET","service":"user-service","url":"/api-docs/favicon-32x32.png"}
{"date":"2023-03-18T12:09:27.137Z","level":"info","message":"Request received","method":"GET","service":"user-service","url":"/api-docs/"}
{"date":"2023-03-18T12:09:27.200Z","level":"info","message":"Request received","method":"GET","service":"user-service","url":"/api-docs/swagger-ui.css"}
{"date":"2023-03-18T12:09:27.204Z","level":"info","message":"Request received","method":"GET","service":"user-service","url":"/api-docs/swagger-ui-bundle.js"}
{"date":"2023-03-18T12:09:27.213Z","level":"info","message":"Request received","method":"GET","service":"user-service","url":"/api-docs/swagger-ui-standalone-preset.js"}
{"date":"2023-03-18T12:09:27.231Z","level":"info","message":"Request received","method":"GET","service":"user-service","url":"/api-docs/swagger-ui-init.js"}
{"date":"2023-03-18T12:09:27.598Z","level":"info","message":"Request received","method":"GET","service":"user-service","url":"/api-docs/favicon-32x32.png"}
{"date":"2023-03-18T12:10:43.626Z","level":"info","message":"Request received","method":"GET","service":"user-service","url":"/api-docs/"}
{"date":"2023-03-18T12:10:43.728Z","level":"info","message":"Request received","method":"GET","service":"user-service","url":"/api-docs/swagger-ui.css"}
{"date":"2023-03-18T12:10:43.735Z","level":"info","message":"Request received","method":"GET","service":"user-service","url":"/api-docs/swagger-ui-bundle.js"}
{"date":"2023-03-18T12:10:43.741Z","level":"info","message":"Request received","method":"GET","service":"user-service","url":"/api-docs/swagger-ui-standalone-preset.js"}
{"date":"2023-03-18T12:10:43.755Z","level":"info","message":"Request received","method":"GET","service":"user-service","url":"/api-docs/swagger-ui-init.js"}
{"date":"2023-03-18T12:10:44.968Z","level":"info","message":"Request received","method":"GET","service":"user-service","url":"/api-docs/favicon-32x32.png"}
{"date":"2023-03-18T12:11:20.372Z","level":"info","message":"Request received","method":"GET","service":"user-service","url":"/api-docs/"}
{"date":"2023-03-18T12:11:20.452Z","level":"info","message":"Request received","method":"GET","service":"user-service","url":"/api-docs/swagger-ui.css"}
{"date":"2023-03-18T12:11:20.471Z","level":"info","message":"Request received","method":"GET","service":"user-service","url":"/api-docs/swagger-ui-bundle.js"}
{"date":"2023-03-18T12:11:20.475Z","level":"info","message":"Request received","method":"GET","service":"user-service","url":"/api-docs/swagger-ui-init.js"}
{"date":"2023-03-18T12:11:20.480Z","level":"info","message":"Request received","method":"GET","service":"user-service","url":"/api-docs/swagger-ui-standalone-preset.js"}
{"date":"2023-03-18T12:11:21.001Z","level":"info","message":"Request received","method":"GET","service":"user-service","url":"/api-docs/favicon-32x32.png"}
{"date":"2023-03-18T12:12:15.984Z","level":"info","message":"Request received","method":"GET","service":"user-service","url":"/api-docs/"}
{"date":"2023-03-18T12:12:16.073Z","level":"info","message":"Request received","method":"GET","service":"user-service","url":"/api-docs/swagger-ui.css"}
{"date":"2023-03-18T12:12:16.085Z","level":"info","message":"Request received","method":"GET","service":"user-service","url":"/api-docs/swagger-ui-standalone-preset.js"}
{"date":"2023-03-18T12:12:16.101Z","level":"info","message":"Request received","method":"GET","service":"user-service","url":"/api-docs/swagger-ui-bundle.js"}
{"date":"2023-03-18T12:12:16.104Z","level":"info","message":"Request received","method":"GET","service":"user-service","url":"/api-docs/swagger-ui-init.js"}
{"date":"2023-03-18T12:12:16.472Z","level":"info","message":"Request received","method":"GET","service":"user-service","url":"/api-docs/favicon-32x32.png"}
{"date":"2023-03-18T12:13:28.892Z","level":"info","message":"Request received","method":"GET","service":"user-service","url":"/api-docs/favicon-32x32.png"}
{"date":"2023-03-18T12:13:28.921Z","level":"info","message":"Request received","method":"GET","service":"user-service","url":"/api-docs/"}
{"date":"2023-03-18T12:13:29.107Z","level":"info","message":"Request received","method":"GET","service":"user-service","url":"/api-docs/swagger-ui.css"}
{"date":"2023-03-18T12:13:29.117Z","level":"info","message":"Request received","method":"GET","service":"user-service","url":"/api-docs/swagger-ui-bundle.js"}
{"date":"2023-03-18T12:13:29.121Z","level":"info","message":"Request received","method":"GET","service":"user-service","url":"/api-docs/swagger-ui-standalone-preset.js"}
{"date":"2023-03-18T12:13:29.123Z","level":"info","message":"Request received","method":"GET","service":"user-service","url":"/api-docs/swagger-ui-init.js"}
{"date":"2023-03-18T12:13:32.976Z","level":"info","message":"Request received","method":"GET","service":"user-service","url":"/api-docs/"}
{"date":"2023-03-18T12:13:33.029Z","level":"info","message":"Request received","method":"GET","service":"user-service","url":"/api-docs/swagger-ui.css"}
{"date":"2023-03-18T12:13:33.040Z","level":"info","message":"Request received","method":"GET","service":"user-service","url":"/api-docs/swagger-ui-bundle.js"}
{"date":"2023-03-18T12:13:33.049Z","level":"info","message":"Request received","method":"GET","service":"user-service","url":"/api-docs/swagger-ui-standalone-preset.js"}
{"date":"2023-03-18T12:13:33.056Z","level":"info","message":"Request received","method":"GET","service":"user-service","url":"/api-docs/swagger-ui-init.js"}
{"date":"2023-03-18T12:13:33.422Z","level":"info","message":"Request received","method":"GET","service":"user-service","url":"/api-docs/favicon-32x32.png"}
{"date":"2023-03-18T12:13:56.838Z","level":"info","message":"Request received","method":"GET","service":"user-service","url":"/api-docs/"}
{"date":"2023-03-18T12:13:56.912Z","level":"info","message":"Request received","method":"GET","service":"user-service","url":"/api-docs/swagger-ui.css"}
{"date":"2023-03-18T12:13:56.930Z","level":"info","message":"Request received","method":"GET","service":"user-service","url":"/api-docs/swagger-ui-bundle.js"}
{"date":"2023-03-18T12:13:56.937Z","level":"info","message":"Request received","method":"GET","service":"user-service","url":"/api-docs/swagger-ui-init.js"}
{"date":"2023-03-18T12:13:56.942Z","level":"info","message":"Request received","method":"GET","service":"user-service","url":"/api-docs/swagger-ui-standalone-preset.js"}
{"date":"2023-03-18T12:13:57.288Z","level":"info","message":"Request received","method":"GET","service":"user-service","url":"/api-docs/favicon-32x32.png"}
{"date":"2023-03-18T12:14:06.576Z","level":"info","message":"Request received","method":"GET","service":"user-service","url":"/api-docs/"}
{"date":"2023-03-18T12:14:06.625Z","level":"info","message":"Request received","method":"GET","service":"user-service","url":"/api-docs/swagger-ui.css"}
{"date":"2023-03-18T12:14:06.631Z","level":"info","message":"Request received","method":"GET","service":"user-service","url":"/api-docs/swagger-ui-bundle.js"}
{"date":"2023-03-18T12:14:06.646Z","level":"info","message":"Request received","method":"GET","service":"user-service","url":"/api-docs/swagger-ui-standalone-preset.js"}
{"date":"2023-03-18T12:14:06.657Z","level":"info","message":"Request received","method":"GET","service":"user-service","url":"/api-docs/swagger-ui-init.js"}
{"date":"2023-03-18T12:14:06.947Z","level":"info","message":"Request received","method":"GET","service":"user-service","url":"/api-docs/favicon-32x32.png"}
{"date":"2023-03-18T12:14:40.464Z","level":"info","message":"Request received","method":"GET","service":"user-service","url":"/api-docs/"}
{"date":"2023-03-18T12:14:40.572Z","level":"info","message":"Request received","method":"GET","service":"user-service","url":"/api-docs/swagger-ui.css"}
{"date":"2023-03-18T12:14:40.578Z","level":"info","message":"Request received","method":"GET","service":"user-service","url":"/api-docs/swagger-ui-bundle.js"}
{"date":"2023-03-18T12:14:40.586Z","level":"info","message":"Request received","method":"GET","service":"user-service","url":"/api-docs/swagger-ui-standalone-preset.js"}
{"date":"2023-03-18T12:14:40.609Z","level":"info","message":"Request received","method":"GET","service":"user-service","url":"/api-docs/swagger-ui-init.js"}
{"date":"2023-03-18T12:14:41.266Z","level":"info","message":"Request received","method":"GET","service":"user-service","url":"/api-docs/favicon-32x32.png"}
{"date":"2023-03-18T12:29:00.797Z","level":"info","message":"Request received","method":"GET","service":"user-service","url":"/"}
{"date":"2023-03-18T12:30:38.116Z","level":"info","message":"Request received","method":"GET","service":"user-service","url":"/"}
{"date":"2023-03-18T12:38:23.451Z","level":"info","message":"Request received","method":"GET","service":"user-service","url":"/api-docs/"}
{"date":"2024-02-16T18:05:48.148Z","level":"info","message":"Request received","method":"POST","service":"user-service","url":"/spotify/add"}
{"date":"2024-02-16T18:06:12.494Z","level":"info","message":"Request received","method":"POST","service":"user-service","url":"/spotify/add"}
{"date":"2024-02-16T18:06:39.023Z","level":"info","message":"Request received","method":"POST","service":"user-service","url":"/spotify/add"}
{"date":"2024-02-16T18:06:59.293Z","level":"info","message":"Request received","method":"POST","service":"user-service","url":"/spotify/add"}
{"date":"2024-02-16T18:07:39.605Z","level":"info","message":"Request received","method":"POST","service":"user-service","url":"/spotify/add"}
{"date":"2024-02-16T18:18:27.868Z","level":"info","message":"Request received","method":"GET","service":"user-service","url":"/spotify/categories"}
{"date":"2024-02-16T18:18:28.954Z","level":"info","message":"Request received","method":"GET","service":"user-service","url":"/spotify/categories"}
{"date":"2024-02-16T18:18:59.188Z","level":"info","message":"Request received","method":"GET","service":"user-service","url":"/spotify/categories"}
{"date":"2024-02-16T18:18:59.420Z","level":"info","message":"Request received","method":"GET","service":"user-service","url":"/spotify/categories"}
{"date":"2024-02-16T18:21:44.871Z","level":"info","message":"Request received","method":"GET","service":"user-service","url":"/spotify/categories"}
{"date":"2024-02-16T18:22:15.835Z","level":"info","message":"Request received","method":"GET","service":"user-service","url":"/spotify/categories"}
{"date":"2024-02-16T18:22:34.831Z","level":"info","message":"Request received","method":"GET","service":"user-service","url":"/spotify/categories"}
{"date":"2024-02-16T18:22:39.831Z","level":"info","message":"Request received","method":"GET","service":"user-service","url":"/spotify/categories"}
{"date":"2024-02-16T18:23:01.013Z","level":"info","message":"Request received","method":"GET","service":"user-service","url":"/spotify/categories"}
{"date":"2024-02-16T18:23:16.877Z","level":"info","message":"Request received","method":"GET","service":"user-service","url":"/spotify/categories"}
{"date":"2024-02-16T18:23:23.701Z","level":"info","message":"Request received","method":"GET","service":"user-service","url":"/spotify/categories"}
{"date":"2024-02-16T18:23:23.914Z","level":"info","message":"Request received","method":"GET","service":"user-service","url":"/spotify/categories"}
{"date":"2024-02-16T18:23:33.496Z","level":"info","message":"Request received","method":"GET","service":"user-service","url":"/spotify/categories"}
{"date":"2024-02-16T18:23:33.707Z","level":"info","message":"Request received","method":"GET","service":"user-service","url":"/spotify/categories"}
{"date":"2024-02-16T18:24:59.803Z","level":"info","message":"Request received","method":"GET","service":"user-service","url":"/spotify/categories"}
{"date":"2024-02-16T18:25:00.137Z","level":"info","message":"Request received","method":"GET","service":"user-service","url":"/spotify/categories"}
{"date":"2024-02-16T18:25:25.895Z","level":"info","message":"Request received","method":"GET","service":"user-service","url":"/spotify/categories"}
{"date":"2024-02-16T18:25:35.845Z","level":"info","message":"Request received","method":"GET","service":"user-service","url":"/spotify/categories"}
{"date":"2024-02-16T18:25:38.844Z","level":"info","message":"Request received","method":"GET","service":"user-service","url":"/spotify/categories"}
{"date":"2024-02-16T18:25:51.869Z","level":"info","message":"Request received","method":"GET","service":"user-service","url":"/spotify/categories"}
{"date":"2024-02-16T18:26:14.420Z","level":"info","message":"Request received","method":"GET","service":"user-service","url":"/spotify/categories"}
{"date":"2024-02-16T18:26:50.217Z","level":"info","message":"Request received","method":"GET","service":"user-service","url":"/spotify/categories"}
{"date":"2024-02-16T18:26:50.498Z","level":"info","message":"Request received","method":"GET","service":"user-service","url":"/spotify/categories"}
{"date":"2024-02-16T18:27:06.044Z","level":"info","message":"Request received","method":"GET","service":"user-service","url":"/spotify/categories"}
{"date":"2024-02-16T18:27:06.246Z","level":"info","message":"Request received","method":"GET","service":"user-service","url":"/spotify/categories"}
{"date":"2024-02-16T18:27:22.032Z","level":"info","message":"Request received","method":"GET","service":"user-service","url":"/spotify/categories"}
{"date":"2024-02-16T18:27:22.099Z","level":"info","message":"Request received","method":"POST","service":"user-service","url":"/spotify/playlist"}
{"date":"2024-02-16T18:27:22.307Z","level":"info","message":"Request received","method":"GET","service":"user-service","url":"/spotify/categories"}
{"date":"2024-02-16T18:27:23.016Z","level":"info","message":"Request received","method":"POST","service":"user-service","url":"/spotify/playlist"}
{"date":"2024-02-16T18:27:27.170Z","level":"info","message":"Request received","method":"POST","service":"user-service","url":"/spotify/playlist"}
{"date":"2024-02-16T18:27:27.399Z","level":"info","message":"Request received","method":"GET","service":"user-service","url":"/spotify/categories"}
{"date":"2024-02-16T18:27:45.924Z","level":"info","message":"Request received","method":"POST","service":"user-service","url":"/spotify/playlist"}
{"date":"2024-02-16T18:27:45.945Z","level":"info","message":"Request received","method":"GET","service":"user-service","url":"/spotify/categories"}
{"date":"2024-02-16T18:28:04.174Z","level":"info","message":"Request received","method":"POST","service":"user-service","url":"/spotify/playlist"}
{"date":"2024-02-16T18:28:04.373Z","level":"info","message":"Request received","method":"GET","service":"user-service","url":"/spotify/categories"}
{"date":"2024-02-16T18:28:30.083Z","level":"info","message":"Request received","method":"POST","service":"user-service","url":"/spotify/playlist"}
{"date":"2024-02-16T18:28:30.196Z","level":"info","message":"Request received","method":"GET","service":"user-service","url":"/spotify/categories"}
{"date":"2024-02-16T18:29:20.144Z","level":"info","message":"Request received","method":"GET","service":"user-service","url":"/spotify/categories"}
{"date":"2024-02-16T18:29:20.150Z","level":"info","message":"Request received","method":"POST","service":"user-service","url":"/spotify/playlist"}
{"date":"2024-02-16T18:29:33.814Z","level":"info","message":"Request received","method":"POST","service":"user-service","url":"/spotify/playlist"}
{"date":"2024-02-16T18:29:33.820Z","level":"info","message":"Request received","method":"POST","service":"user-service","url":"/spotify/playlist"}
{"date":"2024-02-16T18:29:33.825Z","level":"info","message":"Request received","method":"GET","service":"user-service","url":"/spotify/categories"}
{"date":"2024-02-16T18:29:35.353Z","level":"info","message":"Request received","method":"GET","service":"user-service","url":"/spotify/categories"}
{"date":"2024-02-16T18:29:43.589Z","level":"info","message":"Request received","method":"POST","service":"user-service","url":"/spotify/playlist"}
{"date":"2024-02-16T18:29:43.768Z","level":"info","message":"Request received","method":"GET","service":"user-service","url":"/spotify/categories"}
{"date":"2024-02-16T18:29:48.110Z","level":"info","message":"Request received","method":"POST","service":"user-service","url":"/spotify/playlist"}
{"date":"2024-02-16T18:29:48.186Z","level":"info","message":"Request received","method":"GET","service":"user-service","url":"/spotify/categories"}
{"date":"2024-02-16T18:30:06.308Z","level":"info","message":"Request received","method":"POST","service":"user-service","url":"/spotify/playlist"}
{"date":"2024-02-16T18:30:07.446Z","level":"info","message":"Request received","method":"GET","service":"user-service","url":"/spotify/categories"}
{"date":"2024-02-16T18:30:30.715Z","level":"info","message":"Request received","method":"POST","service":"user-service","url":"/spotify/playlist"}
{"date":"2024-02-16T18:30:30.779Z","level":"info","message":"Request received","method":"GET","service":"user-service","url":"/spotify/categories"}
{"date":"2024-02-16T18:35:39.334Z","level":"info","message":"Request received","method":"GET","service":"user-service","url":"/spotify/categories"}
{"date":"2024-02-16T18:35:39.348Z","level":"info","message":"Request received","method":"POST","service":"user-service","url":"/spotify/playlist"}
{"date":"2024-02-16T18:35:39.364Z","level":"info","message":"Request received","method":"POST","service":"user-service","url":"/spotify/playlist"}
{"date":"2024-02-16T18:35:39.564Z","level":"info","message":"Request received","method":"GET","service":"user-service","url":"/spotify/categories"}
{"date":"2024-02-16T18:36:10.870Z","level":"info","message":"Request received","method":"GET","service":"user-service","url":"/spotify/categories"}
{"date":"2024-02-16T18:36:10.880Z","level":"info","message":"Request received","method":"POST","service":"user-service","url":"/spotify/playlist"}
{"date":"2024-02-16T18:36:19.969Z","level":"info","message":"Request received","method":"POST","service":"user-service","url":"/spotify/playlist"}
{"date":"2024-02-16T18:36:20.249Z","level":"info","message":"Request received","method":"GET","service":"user-service","url":"/spotify/categories"}
{"date":"2024-02-16T18:37:27.225Z","level":"info","message":"Request received","method":"GET","service":"user-service","url":"/spotify/categories"}
{"date":"2024-02-16T18:37:27.332Z","level":"info","message":"Request received","method":"POST","service":"user-service","url":"/spotify/playlist"}
{"date":"2024-02-16T18:37:36.868Z","level":"info","message":"Request received","method":"GET","service":"user-service","url":"/spotify/categories"}
{"date":"2024-02-16T18:37:36.880Z","level":"info","message":"Request received","method":"POST","service":"user-service","url":"/spotify/playlist"}
{"date":"2024-02-16T18:38:16.651Z","level":"info","message":"Request received","method":"POST","service":"user-service","url":"/spotify/playlist"}
{"date":"2024-02-16T18:38:17.113Z","level":"info","message":"Request received","method":"GET","service":"user-service","url":"/spotify/categories"}
{"date":"2024-02-16T18:38:19.217Z","level":"info","message":"Request received","method":"POST","service":"user-service","url":"/spotify/playlist"}
{"date":"2024-02-16T18:38:21.593Z","level":"info","message":"Request received","method":"POST","service":"user-service","url":"/spotify/playlist"}
{"date":"2024-02-16T18:38:23.910Z","level":"info","message":"Request received","method":"POST","service":"user-service","url":"/spotify/playlist"}
{"date":"2024-02-16T18:38:26.516Z","level":"info","message":"Request received","method":"POST","service":"user-service","url":"/spotify/playlist"}
{"date":"2024-02-16T18:38:30.923Z","level":"info","message":"Request received","method":"POST","service":"user-service","url":"/spotify/playlist"}
{"date":"2024-02-16T18:38:33.122Z","level":"info","message":"Request received","method":"POST","service":"user-service","url":"/spotify/playlist"}
{"date":"2024-02-16T18:38:35.548Z","level":"info","message":"Request received","method":"POST","service":"user-service","url":"/spotify/playlist"}
{"date":"2024-02-16T18:38:38.835Z","level":"info","message":"Request received","method":"POST","service":"user-service","url":"/spotify/playlist"}
{"date":"2024-02-16T18:38:42.309Z","level":"info","message":"Request received","method":"POST","service":"user-service","url":"/spotify/playlist"}
{"date":"2024-02-16T18:39:08.634Z","level":"info","message":"Request received","method":"POST","service":"user-service","url":"/spotify/playlist"}
{"date":"2024-02-16T18:39:09.186Z","level":"info","message":"Request received","method":"GET","service":"user-service","url":"/spotify/categories"}
{"date":"2024-02-16T18:46:11.907Z","level":"info","message":"Request received","method":"POST","service":"user-service","url":"/spotify/playlist"}
{"date":"2024-02-16T19:17:04.951Z","level":"info","message":"Request received","method":"POST","service":"user-service","url":"/spotify/playlist"}
{"date":"2024-02-16T19:18:27.107Z","level":"info","message":"Request received","method":"POST","service":"user-service","url":"/spotify/playlist"}
{"date":"2024-02-16T19:35:19.907Z","level":"info","message":"Request received","method":"GET","service":"user-service","url":"/spotify/categories"}
{"date":"2024-02-16T19:35:19.952Z","level":"info","message":"Request received","method":"POST","service":"user-service","url":"/spotify/playlist"}
{"date":"2024-02-16T19:35:19.984Z","level":"info","message":"Request received","method":"POST","service":"user-service","url":"/spotify/playlist"}
{"date":"2024-02-16T19:35:20.154Z","level":"info","message":"Request received","method":"GET","service":"user-service","url":"/spotify/categories"}
{"date":"2024-02-16T19:35:21.308Z","level":"info","message":"Request received","method":"GET","service":"user-service","url":"/spotify/categories"}
{"date":"2024-02-16T19:35:21.319Z","level":"info","message":"Request received","method":"POST","service":"user-service","url":"/spotify/playlist"}
{"date":"2024-02-16T19:35:21.326Z","level":"info","message":"Request received","method":"POST","service":"user-service","url":"/spotify/playlist"}
{"date":"2024-02-16T19:35:21.524Z","level":"info","message":"Request received","method":"GET","service":"user-service","url":"/spotify/categories"}
{"date":"2024-02-16T19:35:42.492Z","level":"info","message":"Request received","method":"GET","service":"user-service","url":"/spotify/categories"}
{"date":"2024-02-16T19:35:42.531Z","level":"info","message":"Request received","method":"POST","service":"user-service","url":"/spotify/playlist"}
{"date":"2024-02-16T19:35:42.534Z","level":"info","message":"Request received","method":"POST","service":"user-service","url":"/spotify/playlist"}
{"date":"2024-02-16T19:35:42.728Z","level":"info","message":"Request received","method":"GET","service":"user-service","url":"/spotify/categories"}
{"date":"2024-02-16T19:50:05.973Z","level":"info","message":"Request received","method":"POST","service":"user-service","url":"/spotify/playlist"}
{"date":"2024-02-16T19:50:06.115Z","level":"info","message":"Request received","method":"POST","service":"user-service","url":"/spotify/playlist"}
{"date":"2024-02-16T19:50:06.251Z","level":"info","message":"Request received","method":"GET","service":"user-service","url":"/spotify/categories"}
{"date":"2024-02-16T19:50:09.133Z","level":"info","message":"Request received","method":"GET","service":"user-service","url":"/spotify/categories"}
{"date":"2024-02-16T19:53:57.051Z","level":"info","message":"Request received","method":"GET","service":"user-service","url":"/spotify/categories"}
{"date":"2024-02-16T19:53:57.060Z","level":"info","message":"Request received","method":"GET","service":"user-service","url":"/spotify/categories"}
{"date":"2024-02-16T19:53:57.065Z","level":"info","message":"Request received","method":"POST","service":"user-service","url":"/spotify/playlist"}
{"date":"2024-02-16T19:53:57.069Z","level":"info","message":"Request received","method":"POST","service":"user-service","url":"/spotify/playlist"}
{"date":"2024-02-16T20:11:01.140Z","level":"info","message":"Request received","method":"POST","service":"user-service","url":"/spotify/playlist"}
{"date":"2024-02-16T20:11:01.279Z","level":"info","message":"Request received","method":"GET","service":"user-service","url":"/spotify/categories"}
{"date":"2024-02-16T20:11:20.810Z","level":"info","message":"Request received","method":"POST","service":"user-service","url":"/spotify/playlist"}
{"date":"2024-02-16T20:11:21.047Z","level":"info","message":"Request received","method":"GET","service":"user-service","url":"/spotify/categories"}
{"date":"2024-02-16T20:11:28.902Z","level":"info","message":"Request received","method":"POST","service":"user-service","url":"/spotify/playlist"}
{"date":"2024-02-16T20:11:28.991Z","level":"info","message":"Request received","method":"GET","service":"user-service","url":"/spotify/categories"}
{"date":"2024-02-16T20:11:37.703Z","level":"info","message":"Request received","method":"POST","service":"user-service","url":"/spotify/playlist"}
{"date":"2024-02-16T20:11:37.749Z","level":"info","message":"Request received","method":"GET","service":"user-service","url":"/spotify/categories"}
{"date":"2024-02-16T20:11:44.417Z","level":"info","message":"Request received","method":"POST","service":"user-service","url":"/spotify/playlist"}
{"date":"2024-02-16T20:11:44.593Z","level":"info","message":"Request received","method":"GET","service":"user-service","url":"/spotify/categories"}
{"date":"2024-02-16T20:11:52.425Z","level":"info","message":"Request received","method":"POST","service":"user-service","url":"/spotify/playlist"}
{"date":"2024-02-16T20:11:52.490Z","level":"info","message":"Request received","method":"GET","service":"user-service","url":"/spotify/categories"}
{"date":"2024-02-16T20:12:01.621Z","level":"info","message":"Request received","method":"GET","service":"user-service","url":"/spotify/categories"}
{"date":"2024-02-16T20:12:01.630Z","level":"info","message":"Request received","method":"POST","service":"user-service","url":"/spotify/playlist"}
{"date":"2024-02-16T20:32:46.141Z","level":"info","message":"Request received","method":"POST","service":"user-service","url":"/spotify/add"}
{"date":"2024-02-16T20:33:55.079Z","level":"info","message":"Request received","method":"POST","service":"user-service","url":"/spotify/add"}
{"date":"2024-02-16T20:35:24.188Z","level":"info","message":"Request received","method":"POST","service":"user-service","url":"/spotify/add"}
{"date":"2024-02-16T20:35:59.712Z","level":"info","message":"Request received","method":"POST","service":"user-service","url":"/spotify/add"}
{"date":"2024-02-16T20:38:15.798Z","level":"info","message":"Request received","method":"POST","service":"user-service","url":"/spotify/add"}
{"date":"2024-02-16T20:39:01.296Z","level":"info","message":"Request received","method":"POST","service":"user-service","url":"/spotify/add"}
{"date":"2024-02-16T20:39:26.385Z","level":"info","message":"Request received","method":"POST","service":"user-service","url":"/spotify/add"}
{"date":"2024-02-16T20:39:46.565Z","level":"info","message":"Request received","method":"POST","service":"user-service","url":"/spotify/add"}
{"date":"2024-02-16T20:40:36.940Z","level":"info","message":"Request received","method":"POST","service":"user-service","url":"/spotify/add"}
{"date":"2024-02-16T20:40:36.975Z","level":"error","message":"data is not defined","method":"POST","service":"user-service","url":"/add"}
{"date":"2024-02-16T20:41:24.779Z","level":"info","message":"Request received","method":"POST","service":"user-service","url":"/spotify/add"}
{"date":"2024-02-16T20:41:42.944Z","level":"info","message":"Request received","method":"POST","service":"user-service","url":"/spotify/add"}
{"date":"2024-02-16T20:42:05.906Z","level":"info","message":"Request received","method":"POST","service":"user-service","url":"/spotify/add"}
{"date":"2024-02-16T20:42:20.652Z","level":"info","message":"Request received","method":"POST","service":"user-service","url":"/spotify/add"}
{"date":"2024-02-16T20:42:39.325Z","level":"info","message":"Request received","method":"POST","service":"user-service","url":"/spotify/add"}
{"date":"2024-02-16T20:42:54.768Z","level":"info","message":"Request received","method":"POST","service":"user-service","url":"/spotify/add"}
{"date":"2024-02-16T20:43:19.760Z","level":"info","message":"Request received","method":"POST","service":"user-service","url":"/spotify/add"}
{"date":"2024-02-16T20:43:38.715Z","level":"info","message":"Request received","method":"POST","service":"user-service","url":"/spotify/add"}
{"date":"2024-02-16T20:44:01.358Z","level":"info","message":"Request received","method":"POST","service":"user-service","url":"/spotify/add"}
{"date":"2024-02-16T20:44:17.685Z","level":"info","message":"Request received","method":"POST","service":"user-service","url":"/spotify/add"}
{"date":"2024-02-16T20:44:36.695Z","level":"info","message":"Request received","method":"POST","service":"user-service","url":"/spotify/add"}
{"date":"2024-02-16T20:44:56.071Z","level":"info","message":"Request received","method":"POST","service":"user-service","url":"/spotify/add"}
{"date":"2024-02-16T20:45:11.577Z","level":"info","message":"Request received","method":"POST","service":"user-service","url":"/spotify/add"}
{"date":"2024-02-16T20:45:30.736Z","level":"info","message":"Request received","method":"POST","service":"user-service","url":"/spotify/add"}
{"date":"2024-02-16T20:45:48.926Z","level":"info","message":"Request received","method":"POST","service":"user-service","url":"/spotify/add"}
{"date":"2024-02-16T20:46:07.922Z","level":"info","message":"Request received","method":"GET","service":"user-service","url":"/spotify/categories"}
{"date":"2024-02-16T20:46:48.416Z","level":"info","message":"Request received","method":"GET","service":"user-service","url":"/spotify/categories"}
{"date":"2024-02-16T20:46:56.986Z","level":"info","message":"Request received","method":"GET","service":"user-service","url":"/spotify/playlist"}
{"date":"2024-02-16T20:47:02.109Z","level":"info","message":"Request received","method":"POST","service":"user-service","url":"/spotify/playlist"}
